Connecting to database specified by database.yml


Started GET "/pictures" for 127.0.0.1 at 2012-09-25 12:02:30 +0900
Processing by PicturesController#index as HTML
  Rendered pictures/index.html.erb within layouts/application (5.4ms)
Completed 500 Internal Server Error in 23ms

ActionView::Template::Error (/Users/jshitou/workspace/upld/app/views/pictures/index.html.erb:30: syntax error, unexpected ')', expecting ':'
...ffer.append= ( @picture ? nil );@output_buffer.safe_concat('
...                               ^
/Users/jshitou/workspace/upld/app/views/pictures/index.html.erb:31: syntax error, unexpected keyword_end, expecting ')'
'); end 
       ^
/Users/jshitou/workspace/upld/app/views/pictures/index.html.erb:33: syntax error, unexpected keyword_ensure, expecting ')'
/Users/jshitou/workspace/upld/app/views/pictures/index.html.erb:35: syntax error, unexpected keyword_end, expecting ')'):
    27: 
    28: <% content_for :sidebar do %>
    29:   <h2>Profile</h2>
    30:   <%= @picture ? nil %>
    31: <% end %>
  actionpack (3.2.8) lib/action_view/template.rb:297:in `module_eval'
  actionpack (3.2.8) lib/action_view/template.rb:297:in `compile'
  actionpack (3.2.8) lib/action_view/template.rb:244:in `block in compile!'
  <internal:prelude>:10:in `synchronize'
  actionpack (3.2.8) lib/action_view/template.rb:232:in `compile!'
  actionpack (3.2.8) lib/action_view/template.rb:144:in `block in render'
  activesupport (3.2.8) lib/active_support/notifications.rb:125:in `instrument'
  actionpack (3.2.8) lib/action_view/template.rb:143:in `render'
  actionpack (3.2.8) lib/action_view/renderer/template_renderer.rb:47:in `block (2 levels) in render_template'
  actionpack (3.2.8) lib/action_view/renderer/abstract_renderer.rb:38:in `block in instrument'
  activesupport (3.2.8) lib/active_support/notifications.rb:123:in `block in instrument'
  activesupport (3.2.8) lib/active_support/notifications/instrumenter.rb:20:in `instrument'
  activesupport (3.2.8) lib/active_support/notifications.rb:123:in `instrument'
  actionpack (3.2.8) lib/action_view/renderer/abstract_renderer.rb:38:in `instrument'
  actionpack (3.2.8) lib/action_view/renderer/template_renderer.rb:46:in `block in render_template'
  actionpack (3.2.8) lib/action_view/renderer/template_renderer.rb:54:in `render_with_layout'
  actionpack (3.2.8) lib/action_view/renderer/template_renderer.rb:45:in `render_template'
  actionpack (3.2.8) lib/action_view/renderer/template_renderer.rb:18:in `render'
  actionpack (3.2.8) lib/action_view/renderer/renderer.rb:36:in `render_template'
  actionpack (3.2.8) lib/action_view/renderer/renderer.rb:17:in `render'
  actionpack (3.2.8) lib/abstract_controller/rendering.rb:110:in `_render_template'
  actionpack (3.2.8) lib/action_controller/metal/streaming.rb:225:in `_render_template'
  actionpack (3.2.8) lib/abstract_controller/rendering.rb:103:in `render_to_body'
  actionpack (3.2.8) lib/action_controller/metal/renderers.rb:28:in `render_to_body'
  actionpack (3.2.8) lib/action_controller/metal/compatibility.rb:50:in `render_to_body'
  actionpack (3.2.8) lib/abstract_controller/rendering.rb:88:in `render'
  actionpack (3.2.8) lib/action_controller/metal/rendering.rb:16:in `render'
  actionpack (3.2.8) lib/action_controller/metal/instrumentation.rb:40:in `block (2 levels) in render'
  activesupport (3.2.8) lib/active_support/core_ext/benchmark.rb:5:in `block in ms'
  /Users/jshitou/.rvm/rubies/ruby-1.9.2-p320/lib/ruby/1.9.1/benchmark.rb:310:in `realtime'
  activesupport (3.2.8) lib/active_support/core_ext/benchmark.rb:5:in `ms'
  actionpack (3.2.8) lib/action_controller/metal/instrumentation.rb:40:in `block in render'
  actionpack (3.2.8) lib/action_controller/metal/instrumentation.rb:83:in `cleanup_view_runtime'
  activerecord (3.2.8) lib/active_record/railties/controller_runtime.rb:24:in `cleanup_view_runtime'
  actionpack (3.2.8) lib/action_controller/metal/instrumentation.rb:39:in `render'
  actionpack (3.2.8) lib/action_controller/metal/implicit_render.rb:10:in `default_render'
  actionpack (3.2.8) lib/action_controller/metal/implicit_render.rb:4:in `send_action'
  actionpack (3.2.8) lib/abstract_controller/base.rb:167:in `process_action'
  actionpack (3.2.8) lib/action_controller/metal/rendering.rb:10:in `process_action'
  actionpack (3.2.8) lib/abstract_controller/callbacks.rb:18:in `block in process_action'
  activesupport (3.2.8) lib/active_support/callbacks.rb:414:in `_run__1918503145235499254__process_action__2773400685489586284__callbacks'
  activesupport (3.2.8) lib/active_support/callbacks.rb:405:in `__run_callback'
  activesupport (3.2.8) lib/active_support/callbacks.rb:385:in `_run_process_action_callbacks'
  activesupport (3.2.8) lib/active_support/callbacks.rb:81:in `run_callbacks'
  actionpack (3.2.8) lib/abstract_controller/callbacks.rb:17:in `process_action'
  actionpack (3.2.8) lib/action_controller/metal/rescue.rb:29:in `process_action'
  actionpack (3.2.8) lib/action_controller/metal/instrumentation.rb:30:in `block in process_action'
  activesupport (3.2.8) lib/active_support/notifications.rb:123:in `block in instrument'
  activesupport (3.2.8) lib/active_support/notifications/instrumenter.rb:20:in `instrument'
  activesupport (3.2.8) lib/active_support/notifications.rb:123:in `instrument'
  actionpack (3.2.8) lib/action_controller/metal/instrumentation.rb:29:in `process_action'
  actionpack (3.2.8) lib/action_controller/metal/params_wrapper.rb:207:in `process_action'
  activerecord (3.2.8) lib/active_record/railties/controller_runtime.rb:18:in `process_action'
  actionpack (3.2.8) lib/abstract_controller/base.rb:121:in `process'
  actionpack (3.2.8) lib/abstract_controller/rendering.rb:45:in `process'
  actionpack (3.2.8) lib/action_controller/metal.rb:203:in `dispatch'
  actionpack (3.2.8) lib/action_controller/metal/rack_delegation.rb:14:in `dispatch'
  actionpack (3.2.8) lib/action_controller/metal.rb:246:in `block in action'
  actionpack (3.2.8) lib/action_dispatch/routing/route_set.rb:73:in `call'
  actionpack (3.2.8) lib/action_dispatch/routing/route_set.rb:73:in `dispatch'
  actionpack (3.2.8) lib/action_dispatch/routing/route_set.rb:36:in `call'
  journey (1.0.4) lib/journey/router.rb:68:in `block in call'
  journey (1.0.4) lib/journey/router.rb:56:in `each'
  journey (1.0.4) lib/journey/router.rb:56:in `call'
  actionpack (3.2.8) lib/action_dispatch/routing/route_set.rb:600:in `call'
  actionpack (3.2.8) lib/action_dispatch/middleware/best_standards_support.rb:17:in `call'
  rack (1.4.1) lib/rack/etag.rb:23:in `call'
  rack (1.4.1) lib/rack/conditionalget.rb:25:in `call'
  actionpack (3.2.8) lib/action_dispatch/middleware/head.rb:14:in `call'
  actionpack (3.2.8) lib/action_dispatch/middleware/params_parser.rb:21:in `call'
  actionpack (3.2.8) lib/action_dispatch/middleware/flash.rb:242:in `call'
  rack (1.4.1) lib/rack/session/abstract/id.rb:205:in `context'
  rack (1.4.1) lib/rack/session/abstract/id.rb:200:in `call'
  actionpack (3.2.8) lib/action_dispatch/middleware/cookies.rb:339:in `call'
  activerecord (3.2.8) lib/active_record/query_cache.rb:64:in `call'
  activerecord (3.2.8) lib/active_record/connection_adapters/abstract/connection_pool.rb:473:in `call'
  actionpack (3.2.8) lib/action_dispatch/middleware/callbacks.rb:28:in `block in call'
  activesupport (3.2.8) lib/active_support/callbacks.rb:405:in `_run__2865495118112399796__call__1391326353018295341__callbacks'
  activesupport (3.2.8) lib/active_support/callbacks.rb:405:in `__run_callback'
  activesupport (3.2.8) lib/active_support/callbacks.rb:385:in `_run_call_callbacks'
  activesupport (3.2.8) lib/active_support/callbacks.rb:81:in `run_callbacks'
  actionpack (3.2.8) lib/action_dispatch/middleware/callbacks.rb:27:in `call'
  actionpack (3.2.8) lib/action_dispatch/middleware/remote_ip.rb:31:in `call'
  actionpack (3.2.8) lib/action_dispatch/middleware/debug_exceptions.rb:16:in `call'
  actionpack (3.2.8) lib/action_dispatch/middleware/show_exceptions.rb:56:in `call'
  railties (3.2.8) lib/rails/rack/logger.rb:26:in `call_app'
  railties (3.2.8) lib/rails/rack/logger.rb:16:in `call'
  actionpack (3.2.8) lib/action_dispatch/middleware/request_id.rb:22:in `call'
  rack (1.4.1) lib/rack/methodoverride.rb:21:in `call'
  rack (1.4.1) lib/rack/runtime.rb:17:in `call'
  activesupport (3.2.8) lib/active_support/cache/strategy/local_cache.rb:72:in `call'
  rack (1.4.1) lib/rack/lock.rb:15:in `call'
  rack-cache (1.2) lib/rack/cache/context.rb:136:in `forward'
  rack-cache (1.2) lib/rack/cache/context.rb:245:in `fetch'
  rack-cache (1.2) lib/rack/cache/context.rb:185:in `lookup'
  rack-cache (1.2) lib/rack/cache/context.rb:66:in `call!'
  rack-cache (1.2) lib/rack/cache/context.rb:51:in `call'
  railties (3.2.8) lib/rails/engine.rb:479:in `call'
  railties (3.2.8) lib/rails/application.rb:223:in `call'
  rack (1.4.1) lib/rack/content_length.rb:14:in `call'
  railties (3.2.8) lib/rails/rack/log_tailer.rb:17:in `call'
  rack (1.4.1) lib/rack/handler/webrick.rb:59:in `service'
  /Users/jshitou/.rvm/rubies/ruby-1.9.2-p320/lib/ruby/1.9.1/webrick/httpserver.rb:111:in `service'
  /Users/jshitou/.rvm/rubies/ruby-1.9.2-p320/lib/ruby/1.9.1/webrick/httpserver.rb:70:in `run'
  /Users/jshitou/.rvm/rubies/ruby-1.9.2-p320/lib/ruby/1.9.1/webrick/server.rb:183:in `block in start_thread'




Started GET "/favicon.ico" for 127.0.0.1 at 2012-09-25 12:02:31 +0900

ActionController::RoutingError (No route matches [GET] "/favicon.ico"):
  actionpack (3.2.8) lib/action_dispatch/middleware/debug_exceptions.rb:21:in `call'
  actionpack (3.2.8) lib/action_dispatch/middleware/show_exceptions.rb:56:in `call'
  railties (3.2.8) lib/rails/rack/logger.rb:26:in `call_app'
  railties (3.2.8) lib/rails/rack/logger.rb:16:in `call'
  actionpack (3.2.8) lib/action_dispatch/middleware/request_id.rb:22:in `call'
  rack (1.4.1) lib/rack/methodoverride.rb:21:in `call'
  rack (1.4.1) lib/rack/runtime.rb:17:in `call'
  activesupport (3.2.8) lib/active_support/cache/strategy/local_cache.rb:72:in `call'
  rack (1.4.1) lib/rack/lock.rb:15:in `call'
  rack-cache (1.2) lib/rack/cache/context.rb:136:in `forward'
  rack-cache (1.2) lib/rack/cache/context.rb:245:in `fetch'
  rack-cache (1.2) lib/rack/cache/context.rb:185:in `lookup'
  rack-cache (1.2) lib/rack/cache/context.rb:66:in `call!'
  rack-cache (1.2) lib/rack/cache/context.rb:51:in `call'
  railties (3.2.8) lib/rails/engine.rb:479:in `call'
  railties (3.2.8) lib/rails/application.rb:223:in `call'
  rack (1.4.1) lib/rack/content_length.rb:14:in `call'
  railties (3.2.8) lib/rails/rack/log_tailer.rb:17:in `call'
  rack (1.4.1) lib/rack/handler/webrick.rb:59:in `service'
  /Users/jshitou/.rvm/rubies/ruby-1.9.2-p320/lib/ruby/1.9.1/webrick/httpserver.rb:111:in `service'
  /Users/jshitou/.rvm/rubies/ruby-1.9.2-p320/lib/ruby/1.9.1/webrick/httpserver.rb:70:in `run'
  /Users/jshitou/.rvm/rubies/ruby-1.9.2-p320/lib/ruby/1.9.1/webrick/server.rb:183:in `block in start_thread'


